# JRE version: Java(TM) SE Runtime Environment (8.0_45-b14) (build 1.8.0_45-b14)
# Java VM: Java HotSpot(TM) 64-Bit Server VM (25.45-b02 mixed mode bsd-amd64 compressed oops)
Heap:
 PSYoungGen      total 238080K, used 65759K [0x0000000795580000, 0x00000007a5100000, 0x00000007c0000000)
  eden space 224256K, 29% used [0x0000000795580000,0x00000007995b7d08,0x00000007a3080000)
  from space 13824K, 0% used [0x00000007a4380000,0x00000007a4380000,0x00000007a5100000)
  to   space 16384K, 0% used [0x00000007a3100000,0x00000007a3100000,0x00000007a4100000)
 ParOldGen       total 112128K, used 25154K [0x0000000740000000, 0x0000000746d80000, 0x0000000795580000)
  object space 112128K, 22% used [0x0000000740000000,0x0000000741890918,0x0000000746d80000)
 Metaspace       used 60334K, capacity 63014K, committed 63232K, reserved 1103872K
  class space    used 8183K, capacity 8658K, committed 8704K, reserved 1048576K
GC Heap History (10 events):
Event: 5.703 GC heap before
{Heap before GC invocations=9 (full 1):
 PSYoungGen      total 115712K, used 20175K [0x0000000795580000, 0x00000007a1180000, 0x00000007c0000000)
  eden space 106496K, 10% used [0x0000000795580000,0x000000079603acf0,0x000000079bd80000)
  from space 9216K, 99% used [0x000000079bd80000,0x000000079c6792b8,0x000000079c680000)
  to   space 11776K, 0% used [0x00000007a0600000,0x00000007a0600000,0x00000007a1180000)
 ParOldGen       total 55808K, used 9178K [0x0000000740000000, 0x0000000743680000, 0x0000000795580000)
  object space 55808K, 16% used [0x0000000740000000,0x00000007408f6ab8,0x0000000743680000)
 Metaspace       used 33944K, capacity 35364K, committed 35416K, reserved 1081344K
  class space    used 4295K, capacity 4587K, committed 4608K, reserved 1048576K
Event: 5.726 GC heap after
Heap after GC invocations=9 (full 1):
 PSYoungGen      total 180224K, used 8882K [0x0000000795580000, 0x00000007a2480000, 0x00000007c0000000)
  eden space 168448K, 0% used [0x0000000795580000,0x0000000795580000,0x000000079fa00000)
  from space 11776K, 75% used [0x00000007a0600000,0x00000007a0eac940,0x00000007a1180000)
  to   space 12288K, 0% used [0x000000079fa00000,0x000000079fa00000,0x00000007a0600000)
 ParOldGen       total 55808K, used 9186K [0x0000000740000000, 0x0000000743680000, 0x0000000795580000)
  object space 55808K, 16% used [0x0000000740000000,0x00000007408f8ab8,0x0000000743680000)
 Metaspace       used 33944K, capacity 35364K, committed 35416K, reserved 1081344K
  class space    used 4295K, capacity 4587K, committed 4608K, reserved 1048576K
}
Event: 5.726 GC heap before
{Heap before GC invocations=10 (full 2):
 PSYoungGen      total 180224K, used 8882K [0x0000000795580000, 0x00000007a2480000, 0x00000007c0000000)
  eden space 168448K, 0% used [0x0000000795580000,0x0000000795580000,0x000000079fa00000)
  from space 11776K, 75% used [0x00000007a0600000,0x00000007a0eac940,0x00000007a1180000)
  to   space 12288K, 0% used [0x000000079fa00000,0x000000079fa00000,0x00000007a0600000)
 ParOldGen       total 55808K, used 9186K [0x0000000740000000, 0x0000000743680000, 0x0000000795580000)
  object space 55808K, 16% used [0x0000000740000000,0x00000007408f8ab8,0x0000000743680000)
 Metaspace       used 33944K, capacity 35364K, committed 35416K, reserved 1081344K
  class space    used 4295K, capacity 4587K, committed 4608K, reserved 1048576K
Event: 5.821 GC heap after
Heap after GC invocations=10 (full 2):
 PSYoungGen      total 180224K, used 0K [0x0000000795580000, 0x00000007a2480000, 0x00000007c0000000)
  eden space 168448K, 0% used [0x0000000795580000,0x0000000795580000,0x000000079fa00000)
  from space 11776K, 0% used [0x00000007a0600000,0x00000007a0600000,0x00000007a1180000)
  to   space 12288K, 0% used [0x000000079fa00000,0x000000079fa00000,0x00000007a0600000)
 ParOldGen       total 79360K, used 13074K [0x0000000740000000, 0x0000000744d80000, 0x0000000795580000)
  object space 79360K, 16% used [0x0000000740000000,0x0000000740cc4ad0,0x0000000744d80000)
 Metaspace       used 33944K, capacity 35364K, committed 35416K, reserved 1081344K
  class space    used 4295K, capacity 4587K, committed 4608K, reserved 1048576K
}
Event: 8.685 GC heap before
{Heap before GC invocations=11 (full 2):
 PSYoungGen      total 180224K, used 168448K [0x0000000795580000, 0x00000007a2480000, 0x00000007c0000000)
  eden space 168448K, 100% used [0x0000000795580000,0x000000079fa00000,0x000000079fa00000)
  from space 11776K, 0% used [0x00000007a0600000,0x00000007a0600000,0x00000007a1180000)
  to   space 12288K, 0% used [0x000000079fa00000,0x000000079fa00000,0x00000007a0600000)
 ParOldGen       total 79360K, used 13074K [0x0000000740000000, 0x0000000744d80000, 0x0000000795580000)
  object space 79360K, 16% used [0x0000000740000000,0x0000000740cc4ad0,0x0000000744d80000)
 Metaspace       used 48883K, capacity 50616K, committed 51072K, reserved 1093632K
  class space    used 6614K, capacity 6943K, committed 7040K, reserved 1048576K
Event: 8.708 GC heap after
Heap after GC invocations=11 (full 2):
 PSYoungGen      total 180736K, used 12284K [0x0000000795580000, 0x00000007a5280000, 0x00000007c0000000)
  eden space 168448K, 0% used [0x0000000795580000,0x0000000795580000,0x000000079fa00000)
  from space 12288K, 99% used [0x000000079fa00000,0x00000007a05ff0a8,0x00000007a0600000)
  to   space 15360K, 0% used [0x00000007a4380000,0x00000007a4380000,0x00000007a5280000)
 ParOldGen       total 79360K, used 16675K [0x0000000740000000, 0x0000000744d80000, 0x0000000795580000)
  object space 79360K, 21% used [0x0000000740000000,0x0000000741048d88,0x0000000744d80000)
 Metaspace       used 48883K, capacity 50616K, committed 51072K, reserved 1093632K
  class space    used 6614K, capacity 6943K, committed 7040K, reserved 1048576K
}
Event: 10.631 GC heap before
{Heap before GC invocations=12 (full 2):
 PSYoungGen      total 180736K, used 124419K [0x0000000795580000, 0x00000007a5280000, 0x00000007c0000000)
  eden space 168448K, 66% used [0x0000000795580000,0x000000079c301b70,0x000000079fa00000)
  from space 12288K, 99% used [0x000000079fa00000,0x00000007a05ff0a8,0x00000007a0600000)
  to   space 15360K, 0% used [0x00000007a4380000,0x00000007a4380000,0x00000007a5280000)
 ParOldGen       total 79360K, used 16675K [0x0000000740000000, 0x0000000744d80000, 0x0000000795580000)
  object space 79360K, 21% used [0x0000000740000000,0x0000000741048d88,0x0000000744d80000)
 Metaspace       used 56516K, capacity 58832K, committed 59008K, reserved 1099776K
  class space    used 7642K, capacity 8057K, committed 8064K, reserved 1048576K
Event: 10.654 GC heap after
Heap after GC invocations=12 (full 2):
 PSYoungGen      total 238080K, used 13561K [0x0000000795580000, 0x00000007a5100000, 0x00000007c0000000)
  eden space 224256K, 0% used [0x0000000795580000,0x0000000795580000,0x00000007a3080000)
  from space 13824K, 98% used [0x00000007a4380000,0x00000007a50be5a8,0x00000007a5100000)
  to   space 16384K, 0% used [0x00000007a3100000,0x00000007a3100000,0x00000007a4100000)
 ParOldGen       total 79360K, used 16683K [0x0000000740000000, 0x0000000744d80000, 0x0000000795580000)
  object space 79360K, 21% used [0x0000000740000000,0x000000074104ad88,0x0000000744d80000)
 Metaspace       used 56516K, capacity 58832K, committed 59008K, reserved 1099776K
  class space    used 7642K, capacity 8057K, committed 8064K, reserved 1048576K
}
Event: 10.654 GC heap before
{Heap before GC invocations=13 (full 3):
 PSYoungGen      total 238080K, used 13561K [0x0000000795580000, 0x00000007a5100000, 0x00000007c0000000)
  eden space 224256K, 0% used [0x0000000795580000,0x0000000795580000,0x00000007a3080000)
  from space 13824K, 98% used [0x00000007a4380000,0x00000007a50be5a8,0x00000007a5100000)
  to   space 16384K, 0% used [0x00000007a3100000,0x00000007a3100000,0x00000007a4100000)
 ParOldGen       total 79360K, used 16683K [0x0000000740000000, 0x0000000744d80000, 0x0000000795580000)
  object space 79360K, 21% used [0x0000000740000000,0x000000074104ad88,0x0000000744d80000)
 Metaspace       used 56516K, capacity 58832K, committed 59008K, reserved 1099776K
  class space    used 7642K, capacity 8057K, committed 8064K, reserved 1048576K
Event: 10.868 GC heap after
Heap after GC invocations=13 (full 3):
 PSYoungGen      total 238080K, used 0K [0x0000000795580000, 0x00000007a5100000, 0x00000007c0000000)
  eden space 224256K, 0% used [0x0000000795580000,0x0000000795580000,0x00000007a3080000)
  from space 13824K, 0% used [0x00000007a4380000,0x00000007a4380000,0x00000007a5100000)
  to   space 16384K, 0% used [0x00000007a3100000,0x00000007a3100000,0x00000007a4100000)
 ParOldGen       total 112128K, used 25154K [0x0000000740000000, 0x0000000746d80000, 0x0000000795580000)
  object space 112128K, 22% used [0x0000000740000000,0x0000000741890918,0x0000000746d80000)
 Metaspace       used 56516K, capacity 58832K, committed 59008K, reserved 1099776K
  class space    used 7642K, capacity 8057K, committed 8064K, reserved 1048576K
}

