# JRE version: Java(TM) SE Runtime Environment (8.0_45-b14) (build 1.8.0_45-b14)
# Java VM: Java HotSpot(TM) 64-Bit Server VM (25.45-b02 mixed mode bsd-amd64 compressed oops)
Heap:
 PSYoungGen      total 236032K, used 64898K [0x0000000795580000, 0x00000007a4e80000, 0x00000007c0000000)
  eden space 221696K, 29% used [0x0000000795580000,0x00000007994e0908,0x00000007a2e00000)
  from space 14336K, 0% used [0x00000007a4080000,0x00000007a4080000,0x00000007a4e80000)
  to   space 16384K, 0% used [0x00000007a2e80000,0x00000007a2e80000,0x00000007a3e80000)
 ParOldGen       total 111616K, used 25386K [0x0000000740000000, 0x0000000746d00000, 0x0000000795580000)
  object space 111616K, 22% used [0x0000000740000000,0x00000007418ca808,0x0000000746d00000)
 Metaspace       used 60231K, capacity 62942K, committed 63232K, reserved 1103872K
  class space    used 8181K, capacity 8658K, committed 8704K, reserved 1048576K
GC Heap History (10 events):
Event: 5.979 GC heap before
{Heap before GC invocations=9 (full 1):
 PSYoungGen      total 115712K, used 16034K [0x0000000795580000, 0x00000007a0f80000, 0x00000007c0000000)
  eden space 106496K, 6% used [0x0000000795580000,0x0000000795c2d670,0x000000079bd80000)
  from space 9216K, 99% used [0x000000079bd80000,0x000000079c67b570,0x000000079c680000)
  to   space 11264K, 0% used [0x00000007a0480000,0x00000007a0480000,0x00000007a0f80000)
 ParOldGen       total 53760K, used 8701K [0x0000000740000000, 0x0000000743480000, 0x0000000795580000)
  object space 53760K, 16% used [0x0000000740000000,0x000000074087f4f8,0x0000000743480000)
 Metaspace       used 33895K, capacity 35352K, committed 35416K, reserved 1081344K
  class space    used 4288K, capacity 4587K, committed 4608K, reserved 1048576K
Event: 5.993 GC heap after
Heap after GC invocations=9 (full 1):
 PSYoungGen      total 178688K, used 8579K [0x0000000795580000, 0x00000007a1f80000, 0x00000007c0000000)
  eden space 167424K, 0% used [0x0000000795580000,0x0000000795580000,0x000000079f900000)
  from space 11264K, 76% used [0x00000007a0480000,0x00000007a0ce0fc8,0x00000007a0f80000)
  to   space 11776K, 0% used [0x000000079f900000,0x000000079f900000,0x00000007a0480000)
 ParOldGen       total 53760K, used 8709K [0x0000000740000000, 0x0000000743480000, 0x0000000795580000)
  object space 53760K, 16% used [0x0000000740000000,0x00000007408814f8,0x0000000743480000)
 Metaspace       used 33895K, capacity 35352K, committed 35416K, reserved 1081344K
  class space    used 4288K, capacity 4587K, committed 4608K, reserved 1048576K
}
Event: 5.993 GC heap before
{Heap before GC invocations=10 (full 2):
 PSYoungGen      total 178688K, used 8579K [0x0000000795580000, 0x00000007a1f80000, 0x00000007c0000000)
  eden space 167424K, 0% used [0x0000000795580000,0x0000000795580000,0x000000079f900000)
  from space 11264K, 76% used [0x00000007a0480000,0x00000007a0ce0fc8,0x00000007a0f80000)
  to   space 11776K, 0% used [0x000000079f900000,0x000000079f900000,0x00000007a0480000)
 ParOldGen       total 53760K, used 8709K [0x0000000740000000, 0x0000000743480000, 0x0000000795580000)
  object space 53760K, 16% used [0x0000000740000000,0x00000007408814f8,0x0000000743480000)
 Metaspace       used 33895K, capacity 35352K, committed 35416K, reserved 1081344K
  class space    used 4288K, capacity 4587K, committed 4608K, reserved 1048576K
Event: 6.082 GC heap after
Heap after GC invocations=10 (full 2):
 PSYoungGen      total 178688K, used 0K [0x0000000795580000, 0x00000007a1f80000, 0x00000007c0000000)
  eden space 167424K, 0% used [0x0000000795580000,0x0000000795580000,0x000000079f900000)
  from space 11264K, 0% used [0x00000007a0480000,0x00000007a0480000,0x00000007a0f80000)
  to   space 11776K, 0% used [0x000000079f900000,0x000000079f900000,0x00000007a0480000)
 ParOldGen       total 77824K, used 12872K [0x0000000740000000, 0x0000000744c00000, 0x0000000795580000)
  object space 77824K, 16% used [0x0000000740000000,0x0000000740c921a8,0x0000000744c00000)
 Metaspace       used 33895K, capacity 35352K, committed 35416K, reserved 1081344K
  class space    used 4288K, capacity 4587K, committed 4608K, reserved 1048576K
}
Event: 9.015 GC heap before
{Heap before GC invocations=11 (full 2):
 PSYoungGen      total 178688K, used 167424K [0x0000000795580000, 0x00000007a1f80000, 0x00000007c0000000)
  eden space 167424K, 100% used [0x0000000795580000,0x000000079f900000,0x000000079f900000)
  from space 11264K, 0% used [0x00000007a0480000,0x00000007a0480000,0x00000007a0f80000)
  to   space 11776K, 0% used [0x000000079f900000,0x000000079f900000,0x00000007a0480000)
 ParOldGen       total 77824K, used 12872K [0x0000000740000000, 0x0000000744c00000, 0x0000000795580000)
  object space 77824K, 16% used [0x0000000740000000,0x0000000740c921a8,0x0000000744c00000)
 Metaspace       used 48702K, capacity 50386K, committed 50432K, reserved 1093632K
  class space    used 6592K, capacity 6910K, committed 6912K, reserved 1048576K
Event: 9.040 GC heap after
Heap after GC invocations=11 (full 2):
 PSYoungGen      total 179200K, used 11751K [0x0000000795580000, 0x00000007a4f00000, 0x00000007c0000000)
  eden space 167424K, 0% used [0x0000000795580000,0x0000000795580000,0x000000079f900000)
  from space 11776K, 99% used [0x000000079f900000,0x00000007a0479dc0,0x00000007a0480000)
  to   space 14848K, 0% used [0x00000007a4080000,0x00000007a4080000,0x00000007a4f00000)
 ParOldGen       total 77824K, used 16809K [0x0000000740000000, 0x0000000744c00000, 0x0000000795580000)
  object space 77824K, 21% used [0x0000000740000000,0x000000074106a410,0x0000000744c00000)
 Metaspace       used 48702K, capacity 50386K, committed 50432K, reserved 1093632K
  class space    used 6592K, capacity 6910K, committed 6912K, reserved 1048576K
}
Event: 11.247 GC heap before
{Heap before GC invocations=12 (full 2):
 PSYoungGen      total 179200K, used 130074K [0x0000000795580000, 0x00000007a4f00000, 0x00000007c0000000)
  eden space 167424K, 70% used [0x0000000795580000,0x000000079c90caf8,0x000000079f900000)
  from space 11776K, 99% used [0x000000079f900000,0x00000007a0479dc0,0x00000007a0480000)
  to   space 14848K, 0% used [0x00000007a4080000,0x00000007a4080000,0x00000007a4f00000)
 ParOldGen       total 77824K, used 16809K [0x0000000740000000, 0x0000000744c00000, 0x0000000795580000)
  object space 77824K, 21% used [0x0000000740000000,0x000000074106a410,0x0000000744c00000)
 Metaspace       used 56580K, capacity 58900K, committed 59008K, reserved 1099776K
  class space    used 7643K, capacity 8059K, committed 8064K, reserved 1048576K
Event: 11.274 GC heap after
Heap after GC invocations=12 (full 2):
 PSYoungGen      total 236032K, used 13895K [0x0000000795580000, 0x00000007a4e80000, 0x00000007c0000000)
  eden space 221696K, 0% used [0x0000000795580000,0x0000000795580000,0x00000007a2e00000)
  from space 14336K, 96% used [0x00000007a4080000,0x00000007a4e11d90,0x00000007a4e80000)
  to   space 16384K, 0% used [0x00000007a2e80000,0x00000007a2e80000,0x00000007a3e80000)
 ParOldGen       total 77824K, used 16817K [0x0000000740000000, 0x0000000744c00000, 0x0000000795580000)
  object space 77824K, 21% used [0x0000000740000000,0x000000074106c410,0x0000000744c00000)
 Metaspace       used 56580K, capacity 58900K, committed 59008K, reserved 1099776K
  class space    used 7643K, capacity 8059K, committed 8064K, reserved 1048576K
}
Event: 11.274 GC heap before
{Heap before GC invocations=13 (full 3):
 PSYoungGen      total 236032K, used 13895K [0x0000000795580000, 0x00000007a4e80000, 0x00000007c0000000)
  eden space 221696K, 0% used [0x0000000795580000,0x0000000795580000,0x00000007a2e00000)
  from space 14336K, 96% used [0x00000007a4080000,0x00000007a4e11d90,0x00000007a4e80000)
  to   space 16384K, 0% used [0x00000007a2e80000,0x00000007a2e80000,0x00000007a3e80000)
 ParOldGen       total 77824K, used 16817K [0x0000000740000000, 0x0000000744c00000, 0x0000000795580000)
  object space 77824K, 21% used [0x0000000740000000,0x000000074106c410,0x0000000744c00000)
 Metaspace       used 56580K, capacity 58900K, committed 59008K, reserved 1099776K
  class space    used 7643K, capacity 8059K, committed 8064K, reserved 1048576K
Event: 11.511 GC heap after
Heap after GC invocations=13 (full 3):
 PSYoungGen      total 236032K, used 0K [0x0000000795580000, 0x00000007a4e80000, 0x00000007c0000000)
  eden space 221696K, 0% used [0x0000000795580000,0x0000000795580000,0x00000007a2e00000)
  from space 14336K, 0% used [0x00000007a4080000,0x00000007a4080000,0x00000007a4e80000)
  to   space 16384K, 0% used [0x00000007a2e80000,0x00000007a2e80000,0x00000007a3e80000)
 ParOldGen       total 111616K, used 25386K [0x0000000740000000, 0x0000000746d00000, 0x0000000795580000)
  object space 111616K, 22% used [0x0000000740000000,0x00000007418ca808,0x0000000746d00000)
 Metaspace       used 56580K, capacity 58900K, committed 59008K, reserved 1099776K
  class space    used 7643K, capacity 8059K, committed 8064K, reserved 1048576K
}

