# JRE version: Java(TM) SE Runtime Environment (8.0_45-b14) (build 1.8.0_45-b14)
# Java VM: Java HotSpot(TM) 64-Bit Server VM (25.45-b02 mixed mode bsd-amd64 compressed oops)
Heap:
 PSYoungGen      total 317440K, used 60541K [0x0000000795580000, 0x00000007aa080000, 0x00000007c0000000)
  eden space 304128K, 19% used [0x0000000795580000,0x000000079909f500,0x00000007a7e80000)
  from space 13312K, 0% used [0x00000007a9380000,0x00000007a9380000,0x00000007aa080000)
  to   space 17408K, 0% used [0x00000007a7e80000,0x00000007a7e80000,0x00000007a8f80000)
 ParOldGen       total 89088K, used 23497K [0x0000000740000000, 0x0000000745700000, 0x0000000795580000)
  object space 89088K, 26% used [0x0000000740000000,0x00000007416f2738,0x0000000745700000)
 Metaspace       used 59553K, capacity 62138K, committed 62336K, reserved 1103872K
  class space    used 8084K, capacity 8520K, committed 8576K, reserved 1048576K
GC Heap History (10 events):
Event: 5.020 GC heap before
{Heap before GC invocations=9 (full 1):
 PSYoungGen      total 137216K, used 46518K [0x0000000795580000, 0x00000007a4080000, 0x00000007c0000000)
  eden space 128512K, 29% used [0x0000000795580000,0x0000000797a757b0,0x000000079d300000)
  from space 8704K, 99% used [0x000000079d300000,0x000000079db78330,0x000000079db80000)
  to   space 12288K, 0% used [0x00000007a3480000,0x00000007a3480000,0x00000007a4080000)
 ParOldGen       total 47104K, used 10516K [0x0000000740000000, 0x0000000742e00000, 0x0000000795580000)
  object space 47104K, 22% used [0x0000000740000000,0x0000000740a45070,0x0000000742e00000)
 Metaspace       used 33934K, capacity 35380K, committed 35416K, reserved 1081344K
  class space    used 4295K, capacity 4591K, committed 4608K, reserved 1048576K
Event: 5.042 GC heap after
Heap after GC invocations=9 (full 1):
 PSYoungGen      total 227840K, used 9031K [0x0000000795580000, 0x00000007a5180000, 0x00000007c0000000)
  eden space 215552K, 0% used [0x0000000795580000,0x0000000795580000,0x00000007a2800000)
  from space 12288K, 73% used [0x00000007a3480000,0x00000007a3d51cc0,0x00000007a4080000)
  to   space 12800K, 0% used [0x00000007a2800000,0x00000007a2800000,0x00000007a3480000)
 ParOldGen       total 47104K, used 10524K [0x0000000740000000, 0x0000000742e00000, 0x0000000795580000)
  object space 47104K, 22% used [0x0000000740000000,0x0000000740a47070,0x0000000742e00000)
 Metaspace       used 33934K, capacity 35380K, committed 35416K, reserved 1081344K
  class space    used 4295K, capacity 4591K, committed 4608K, reserved 1048576K
}
Event: 5.042 GC heap before
{Heap before GC invocations=10 (full 2):
 PSYoungGen      total 227840K, used 9031K [0x0000000795580000, 0x00000007a5180000, 0x00000007c0000000)
  eden space 215552K, 0% used [0x0000000795580000,0x0000000795580000,0x00000007a2800000)
  from space 12288K, 73% used [0x00000007a3480000,0x00000007a3d51cc0,0x00000007a4080000)
  to   space 12800K, 0% used [0x00000007a2800000,0x00000007a2800000,0x00000007a3480000)
 ParOldGen       total 47104K, used 10524K [0x0000000740000000, 0x0000000742e00000, 0x0000000795580000)
  object space 47104K, 22% used [0x0000000740000000,0x0000000740a47070,0x0000000742e00000)
 Metaspace       used 33934K, capacity 35380K, committed 35416K, reserved 1081344K
  class space    used 4295K, capacity 4591K, committed 4608K, reserved 1048576K
Event: 5.108 GC heap after
Heap after GC invocations=10 (full 2):
 PSYoungGen      total 227840K, used 0K [0x0000000795580000, 0x00000007a5180000, 0x00000007c0000000)
  eden space 215552K, 0% used [0x0000000795580000,0x0000000795580000,0x00000007a2800000)
  from space 12288K, 0% used [0x00000007a3480000,0x00000007a3480000,0x00000007a4080000)
  to   space 12800K, 0% used [0x00000007a2800000,0x00000007a2800000,0x00000007a3480000)
 ParOldGen       total 66560K, used 14086K [0x0000000740000000, 0x0000000744100000, 0x0000000795580000)
  object space 66560K, 21% used [0x0000000740000000,0x0000000740dc1b20,0x0000000744100000)
 Metaspace       used 33934K, capacity 35380K, committed 35416K, reserved 1081344K
  class space    used 4295K, capacity 4591K, committed 4608K, reserved 1048576K
}
Event: 8.772 GC heap before
{Heap before GC invocations=11 (full 2):
 PSYoungGen      total 227840K, used 215552K [0x0000000795580000, 0x00000007a5180000, 0x00000007c0000000)
  eden space 215552K, 100% used [0x0000000795580000,0x00000007a2800000,0x00000007a2800000)
  from space 12288K, 0% used [0x00000007a3480000,0x00000007a3480000,0x00000007a4080000)
  to   space 12800K, 0% used [0x00000007a2800000,0x00000007a2800000,0x00000007a3480000)
 ParOldGen       total 66560K, used 14086K [0x0000000740000000, 0x0000000744100000, 0x0000000795580000)
  object space 66560K, 21% used [0x0000000740000000,0x0000000740dc1b20,0x0000000744100000)
 Metaspace       used 51143K, capacity 52922K, committed 53376K, reserved 1095680K
  class space    used 6938K, capacity 7278K, committed 7296K, reserved 1048576K
Event: 8.805 GC heap after
Heap after GC invocations=11 (full 2):
 PSYoungGen      total 228352K, used 12786K [0x0000000795580000, 0x00000007aa400000, 0x00000007c0000000)
  eden space 215552K, 0% used [0x0000000795580000,0x0000000795580000,0x00000007a2800000)
  from space 12800K, 99% used [0x00000007a2800000,0x00000007a347c990,0x00000007a3480000)
  to   space 16896K, 0% used [0x00000007a9380000,0x00000007a9380000,0x00000007aa400000)
 ParOldGen       total 66560K, used 20435K [0x0000000740000000, 0x0000000744100000, 0x0000000795580000)
  object space 66560K, 30% used [0x0000000740000000,0x00000007413f4fd0,0x0000000744100000)
 Metaspace       used 51143K, capacity 52922K, committed 53376K, reserved 1095680K
  class space    used 6938K, capacity 7278K, committed 7296K, reserved 1048576K
}
Event: 10.244 GC heap before
{Heap before GC invocations=12 (full 2):
 PSYoungGen      total 228352K, used 82367K [0x0000000795580000, 0x00000007aa400000, 0x00000007c0000000)
  eden space 215552K, 32% used [0x0000000795580000,0x0000000799973480,0x00000007a2800000)
  from space 12800K, 99% used [0x00000007a2800000,0x00000007a347c990,0x00000007a3480000)
  to   space 16896K, 0% used [0x00000007a9380000,0x00000007a9380000,0x00000007aa400000)
 ParOldGen       total 66560K, used 20435K [0x0000000740000000, 0x0000000744100000, 0x0000000795580000)
  object space 66560K, 30% used [0x0000000740000000,0x00000007413f4fd0,0x0000000744100000)
 Metaspace       used 56517K, capacity 58912K, committed 59008K, reserved 1099776K
  class space    used 7643K, capacity 8059K, committed 8064K, reserved 1048576K
Event: 10.271 GC heap after
Heap after GC invocations=12 (full 2):
 PSYoungGen      total 317440K, used 11766K [0x0000000795580000, 0x00000007aa080000, 0x00000007c0000000)
  eden space 304128K, 0% used [0x0000000795580000,0x0000000795580000,0x00000007a7e80000)
  from space 13312K, 88% used [0x00000007a9380000,0x00000007a9efd940,0x00000007aa080000)
  to   space 17408K, 0% used [0x00000007a7e80000,0x00000007a7e80000,0x00000007a8f80000)
 ParOldGen       total 66560K, used 20435K [0x0000000740000000, 0x0000000744100000, 0x0000000795580000)
  object space 66560K, 30% used [0x0000000740000000,0x00000007413f4fd0,0x0000000744100000)
 Metaspace       used 56517K, capacity 58912K, committed 59008K, reserved 1099776K
  class space    used 7643K, capacity 8059K, committed 8064K, reserved 1048576K
}
Event: 10.271 GC heap before
{Heap before GC invocations=13 (full 3):
 PSYoungGen      total 317440K, used 11766K [0x0000000795580000, 0x00000007aa080000, 0x00000007c0000000)
  eden space 304128K, 0% used [0x0000000795580000,0x0000000795580000,0x00000007a7e80000)
  from space 13312K, 88% used [0x00000007a9380000,0x00000007a9efd940,0x00000007aa080000)
  to   space 17408K, 0% used [0x00000007a7e80000,0x00000007a7e80000,0x00000007a8f80000)
 ParOldGen       total 66560K, used 20435K [0x0000000740000000, 0x0000000744100000, 0x0000000795580000)
  object space 66560K, 30% used [0x0000000740000000,0x00000007413f4fd0,0x0000000744100000)
 Metaspace       used 56517K, capacity 58912K, committed 59008K, reserved 1099776K
  class space    used 7643K, capacity 8059K, committed 8064K, reserved 1048576K
Event: 10.467 GC heap after
Heap after GC invocations=13 (full 3):
 PSYoungGen      total 317440K, used 0K [0x0000000795580000, 0x00000007aa080000, 0x00000007c0000000)
  eden space 304128K, 0% used [0x0000000795580000,0x0000000795580000,0x00000007a7e80000)
  from space 13312K, 0% used [0x00000007a9380000,0x00000007a9380000,0x00000007aa080000)
  to   space 17408K, 0% used [0x00000007a7e80000,0x00000007a7e80000,0x00000007a8f80000)
 ParOldGen       total 89088K, used 23497K [0x0000000740000000, 0x0000000745700000, 0x0000000795580000)
  object space 89088K, 26% used [0x0000000740000000,0x00000007416f2738,0x0000000745700000)
 Metaspace       used 56517K, capacity 58912K, committed 59008K, reserved 1099776K
  class space    used 7643K, capacity 8059K, committed 8064K, reserved 1048576K
}

